         725212601 function calls (725086874 primitive calls) in 1232.125 seconds

   Ordered by: standard name

   ncalls  tottime  percall  cumtime  percall filename:lineno(function)
        7    0.000    0.000    0.000    0.000 <string>:1(<lambda>)
        1    0.024    0.024 1232.215 1232.215 <string>:1(<module>)
      248    0.001    0.000    0.022    0.000 <string>:1(__init__)
        1    0.000    0.000    0.000    0.000 <string>:1(_from_selectable)
     1000    0.003    0.000    0.100    0.000 <string>:1(add_columns)
     5016    0.015    0.000    0.277    0.000 <string>:1(and_)
       26    0.000    0.000    0.000    0.000 <string>:1(bindparam)
        1    0.000    0.000    0.000    0.000 <string>:1(correlate)
        1    0.000    0.000    0.000    0.000 <string>:1(enable_eagerloads)
     1000    0.004    0.000    0.036    0.000 <string>:1(exists)
     5002    0.017    0.000    0.192    0.000 <string>:1(filter)
     6005    0.073    0.000    0.879    0.000 <string>:1(select)
     8289    0.010    0.000    0.010    0.000 <string>:1(set)
        1    0.000    0.000    0.000    0.000 <string>:1(slice)
     1001    0.002    0.000    0.012    0.000 <string>:1(with_labels)
     1000    0.003    0.000    0.133    0.000 <string>:1(with_only_columns)
        7    0.000    0.000    0.000    0.000 <string>:8(__new__)
        2    0.000    0.000    0.000    0.000 UserDict.py:17(__len__)
        1    0.000    0.000    0.000    0.000 UserDict.py:26(clear)
     3005    0.008    0.000    0.027    0.000 __init__.py:1118(debug)
       96    0.000    0.000    0.002    0.000 __init__.py:1130(info)
        3    0.000    0.000    0.000    0.000 __init__.py:1205(findCaller)
        3    0.000    0.000    0.000    0.000 __init__.py:1226(makeRecord)
        3    0.000    0.000    0.001    0.000 __init__.py:1239(_log)
        3    0.000    0.000    0.001    0.000 __init__.py:1260(handle)
        3    0.000    0.000    0.001    0.000 __init__.py:1292(callHandlers)
     3100    0.008    0.000    0.008    0.000 __init__.py:1318(getEffectiveLevel)
     3103    0.010    0.000    0.018    0.000 __init__.py:1332(isEnabledFor)
        3    0.000    0.000    0.000    0.000 __init__.py:153(getLevelName)
        3    0.000    0.000    0.000    0.000 __init__.py:242(__init__)
        7    0.000    0.000    0.000    0.000 __init__.py:311(getMessage)
        1    0.000    0.000    0.000    0.000 __init__.py:41(<lambda>)
        7    0.000    0.000    0.000    0.000 __init__.py:445(usesTime)
        7    0.000    0.000    0.000    0.000 __init__.py:451(format)
        8    0.000    0.000    0.000    0.000 __init__.py:598(filter)
        1    0.000    0.000    0.079    0.079 __init__.py:64(load)
        5    0.000    0.000    0.000    0.000 __init__.py:692(acquire)
        5    0.000    0.000    0.000    0.000 __init__.py:699(release)
        7    0.000    0.000    0.000    0.000 __init__.py:712(format)
        5    0.000    0.000    0.001    0.000 __init__.py:735(handle)
        3    0.000    0.000    0.000    0.000 __init__.py:81(<lambda>)
        5    0.000    0.000    0.000    0.000 __init__.py:827(flush)
        5    0.000    0.000    0.001    0.000 __init__.py:834(emit)
        2    0.000    0.000    0.000    0.000 __init__.py:921(emit)
        1    0.000    0.000    0.000    0.000 _abcoll.py:24(_hasattr)
        2    0.000    0.000    0.000    0.000 _abcoll.py:26(<genexpr>)
        1    0.000    0.000    0.000    0.000 _abcoll.py:340(get)
        1    0.000    0.000    0.000    0.000 _abcoll.py:63(__subclasshook__)
     2496    0.006    0.000    0.011    0.000 _collections.py:113(__new__)
    10897    0.066    0.000    0.087    0.000 _collections.py:142(__new__)
    10897    0.005    0.000    0.005    0.000 _collections.py:147(__init__)
    15901    0.070    0.000    0.168    0.000 _collections.py:153(union)
     5015    0.014    0.000    0.014    0.000 _collections.py:175(__init__)
     1000    0.002    0.000    0.002    0.000 _collections.py:178(__len__)
     7484    0.036    0.000    0.060    0.000 _collections.py:181(__iter__)
    12092    0.019    0.000    0.019    0.000 _collections.py:211(__contains__)
     2003    0.020    0.000    0.031    0.000 _collections.py:250(__init__)
     2017    0.003    0.000    0.003    0.000 _collections.py:268(__init__)
        7    0.000    0.000    0.000    0.000 _collections.py:289(update)
     5452    0.008    0.000    0.011    0.000 _collections.py:307(__iter__)
     5445    0.022    0.000    0.033    0.000 _collections.py:310(keys)
    12978    0.055    0.000    0.055    0.000 _collections.py:313(values)
     5463    0.019    0.000    0.019    0.000 _collections.py:316(items)
     7037    0.027    0.000    0.030    0.000 _collections.py:329(__setitem__)
     8022    0.074    0.000    0.186    0.000 _collections.py:357(__init__)
     2010    0.006    0.000    0.007    0.000 _collections.py:366(add)
     8050    0.016    0.000    0.020    0.000 _collections.py:392(__iter__)
        7    0.000    0.000    0.000    0.000 _collections.py:455(difference_update)
       19    0.000    0.000    0.000    0.000 _collections.py:671(__init__)
    10989    0.036    0.000    0.036    0.000 _collections.py:685(__iter__)
    21959    0.018    0.000    0.048    0.000 _collections.py:686(<genexpr>)
    21959    0.030    0.000    0.030    0.000 _collections.py:687(<genexpr>)
    15909    0.019    0.000    0.019    0.000 _collections.py:722(__init__)
13453/13452    0.036    0.000    0.407    0.000 _collections.py:725(__missing__)
        1    0.000    0.000    0.000    0.000 _collections.py:742(<lambda>)
    16022    0.108    0.000    0.214    0.000 _collections.py:745(unique_list)
     5016    0.014    0.000    0.025    0.000 _collections.py:785(coerce_generator_arg)
    12153    0.077    0.000    0.268    0.000 _collections.py:792(to_list)
        7    0.000    0.000    0.000    0.000 _collections.py:867(__init__)
     8453    0.017    0.000    0.017    0.000 _collections.py:873(_inc_counter)
     8453    0.054    0.000    0.071    0.000 _collections.py:877(get)
       16    0.000    0.000    0.000    0.000 _collections.py:900(__setitem__)
       16    0.000    0.000    0.000    0.000 _collections.py:909(_manage_size)
     3001    0.017    0.000    0.044    0.000 _collections.py:930(lightweight_named_tuple)
        5    0.000    0.000    0.000    0.000 _weakrefset.py:16(__init__)
        5    0.000    0.000    0.000    0.000 _weakrefset.py:20(__enter__)
        5    0.000    0.000    0.000    0.000 _weakrefset.py:26(__exit__)
        5    0.000    0.000    0.000    0.000 _weakrefset.py:36(__init__)
        5    0.000    0.000    0.000    0.000 _weakrefset.py:52(_commit_removals)
        9    0.000    0.000    0.000    0.000 _weakrefset.py:58(__iter__)
    13089    0.044    0.000    0.044    0.000 _weakrefset.py:68(__contains__)
        6    0.000    0.000    0.000    0.000 _weakrefset.py:81(add)
    13081    0.076    0.000    0.131    0.000 abc.py:128(__instancecheck__)
      6/2    0.000    0.000    0.000    0.000 abc.py:148(__subclasscheck__)
     2010    0.006    0.000    0.008    0.000 annotation.py:31(__new__)
     1009    0.007    0.000    0.011    0.000 annotation.py:45(__init__)
10003/9003    0.056    0.000    0.658    0.000 annotation.py:71(_compiler_dispatch)
    10001    0.012    0.000    0.012    0.000 annotation.py:90(__hash__)
     7002    0.049    0.000    1.070    0.000 annotation.py:93(__eq__)
        3    0.000    0.000    0.000    0.000 app.py:564(logger)
       20    0.000    0.000    0.000    0.000 attr.py:123(update_subclass)
       20    0.000    0.000    0.001    0.000 attr.py:186(__init__)
    21874    0.042    0.000    0.042    0.000 attr.py:214(__call__)
    42707    0.079    0.000    0.079    0.000 attr.py:226(__bool__)
     5496    0.024    0.000    0.048    0.000 attr.py:252(__call__)
        7    0.000    0.000    0.000    0.000 attributes.py:1303(from_scalar_attribute)
       72    0.001    0.000    0.006    0.000 attributes.py:1440(register_attribute_impl)
     2000    0.011    0.000    0.019    0.000 attributes.py:148(_query_clause_element)
     7002    0.017    0.000    1.169    0.000 attributes.py:174(operate)
    18747    0.089    0.000    0.333    0.000 attributes.py:222(__set__)
  1506741    6.044    0.000    6.045    0.000 attributes.py:229(__get__)
       72    0.001    0.000    0.002    0.000 attributes.py:379(__init__)
    28977    0.058    0.000    0.058    0.000 attributes.py:556(get)
       72    0.001    0.000    0.002    0.000 attributes.py:647(__init__)
        7    0.000    0.000    0.000    0.000 attributes.py:675(get_history)
    18747    0.112    0.000    0.243    0.000 attributes.py:687(set)
       20    0.000    0.000    0.000    0.000 attributes.py:74(_supports_population)
       23    0.000    0.000    0.000    0.000 base.py:100(_event_descriptors)
    11111    0.044    0.000    0.135    0.000 base.py:105(_for_class)
    10456    0.311    0.000    8.377    0.001 base.py:1061(_execute_context)
    11109    0.032    0.000    0.166    0.000 base.py:108(_for_instance)
        1    0.000    0.000    0.000    0.000 base.py:111(__init__)
        1    0.000    0.000    0.000    0.000 base.py:116(_join)
        1    0.000    0.000    0.000    0.000 base.py:121(__getitem__)
     5452    0.007    0.000    0.007    0.000 base.py:121(_root)
    10456    0.028    0.000    0.219    0.000 base.py:1220(_safe_close_cursor)
     5445    0.032    0.000    0.064    0.000 base.py:135(_clone)
     5445    0.062    0.000    0.233    0.000 base.py:149(execution_options)
        1    0.000    0.000    0.000    0.000 base.py:1530(__init__)
        1    0.000    0.000    0.009    0.009 base.py:1563(commit)
        1    0.000    0.000    0.000    0.000 base.py:1589(__init__)
        1    0.000    0.000    0.009    0.009 base.py:1597(_do_commit)
     6005    0.017    0.000    0.027    0.000 base.py:1832(get_select_precolumns)
        1    0.000    0.000    0.000    0.000 base.py:1863(limit_clause)
        1    0.000    0.000    0.000    0.000 base.py:1899(update_limit_clause)
        1    0.000    0.000    0.000    0.000 base.py:1906(update_tables_clause)
        2    0.000    0.000    0.000    0.000 base.py:1908(<genexpr>)
     7006    0.051    0.000    0.282    0.000 base.py:196(generate)
        1    0.000    0.000    0.000    0.000 base.py:197(dialect_kwargs)
        1    0.000    0.000    0.000    0.000 base.py:2015(contextual_connect)
        1    0.000    0.000    0.000    0.000 base.py:2066(_wrap_pool_connect)
     6150    0.017    0.000    0.036    0.000 base.py:208(manager_of_class)
        1    0.000    0.000    0.000    0.000 base.py:223(kwargs)
        1    0.000    0.000    0.000    0.000 base.py:228(_kw_reg_for_dialect)
        1    0.000    0.000    0.000    0.000 base.py:236(_kw_reg_for_dialect_cls)
        1    0.000    0.000    0.000    0.000 base.py:248(dialect_options)
        1    0.000    0.000    0.009    0.009 base.py:2497(do_commit)
        1    0.000    0.000    0.000    0.000 base.py:2515(do_rollback)
        1    0.000    0.000    0.000    0.000 base.py:255(__init__)
       21    0.000    0.000    0.000    0.000 base.py:271(_validate_dialect_kwargs)
    11111    0.050    0.000    0.216    0.000 base.py:285(__get__)
     1000    0.016    0.000    0.016    0.000 base.py:293(_inspect_mapped_object)
        6    0.000    0.000    0.000    0.000 base.py:301(connection)
        1    0.000    0.000    0.000    0.000 base.py:32(_clone)
     6004    0.036    0.000    0.112    0.000 base.py:325(_is_mapped_class)
     7002    0.039    0.000    0.089    0.000 base.py:359(_entity_descriptor)
    19017    0.123    0.000    0.224    0.000 base.py:36(_from_objects)
     6006    0.027    0.000    0.069    0.000 base.py:389(_inspect_mapped_class)
     1001    0.007    0.000    0.130    0.000 base.py:40(_generative)
     2003    0.021    0.000    0.052    0.000 base.py:454(__init__)
        1    0.000    0.000    0.000    0.000 base.py:47(__init__)
     5030    0.014    0.000    0.095    0.000 base.py:500(add)
     7030    0.040    0.000    0.118    0.000 base.py:518(__setitem__)
        1    0.000    0.000    0.000    0.000 base.py:534(begin)
        1    0.000    0.000    0.000    0.000 base.py:55(__init__)
    12092    0.040    0.000    0.071    0.000 base.py:575(__contains__)
        1    0.000    0.000    0.000    0.000 base.py:58(_key)
        4    0.000    0.000    0.000    0.000 base.py:590(contains_column)
     3005    0.011    0.000    0.036    0.000 base.py:594(as_immutable)
     3005    0.018    0.000    0.024    0.000 base.py:600(__init__)
     5487    0.045    0.000    0.464    0.000 base.py:634(_declarative_constructor)
        1    0.000    0.000    0.000    0.000 base.py:642(_begin_impl)
        1    0.000    0.000    0.000    0.000 base.py:66(__getitem__)
        1    0.000    0.000    0.009    0.009 base.py:679(_commit_impl)
    11111    0.064    0.000    0.091    0.000 base.py:74(__init__)
        1    0.000    0.000    0.000    0.000 base.py:793(close)
       23    0.000    0.000    0.001    0.000 base.py:83(<genexpr>)
    10456    0.062    0.000   13.774    0.001 base.py:846(execute)
    11106    0.037    0.000    0.044    0.000 base.py:89(__getattr__)
    10456    0.210    0.000   13.645    0.001 base.py:975(_execute_clauseelement)
       12    0.000    0.000    0.000    0.000 codecs.py:928(getencoder)
     7042    0.073    0.000    0.396    0.000 compiler.py:1048(visit_bindparam)
     7042    0.036    0.000    0.286    0.000 compiler.py:1117(_truncate_bindparam)
    28038    0.161    0.000    0.388    0.000 compiler.py:1130(_truncated_identifier)
     8005    0.075    0.000    0.110    0.000 compiler.py:1149(_process_anon)
     7042    0.033    0.000    0.037    0.000 compiler.py:1155(bindparam_string)
        1    0.000    0.000    0.002    0.002 compiler.py:1244(visit_alias)
        1    0.000    0.000    0.000    0.000 compiler.py:1269(get_render_as_alias_suffix)
    21023    0.043    0.000    0.054    0.000 compiler.py:1272(_add_to_result_map)
22033/21033    0.314    0.000    2.318    0.000 compiler.py:1278(_label_select_column)
6005/5004    0.252    0.000    4.484    0.001 compiler.py:1506(visit_select)
     6005    0.090    0.000    0.656    0.000 compiler.py:1643(_setup_select_stack)
6005/6004    0.175    0.000    1.263    0.000 compiler.py:1668(_compose_select_body)
     5017    0.053    0.000    4.626    0.001 compiler.py:167(__init__)
     5005    0.017    0.000    0.035    0.000 compiler.py:1777(visit_table)
       12    0.001    0.000    0.006    0.000 compiler.py:1801(visit_insert)
        1    0.000    0.000    0.001    0.001 compiler.py:1924(visit_update)
        2    0.000    0.000    0.000    0.000 compiler.py:1968(<genexpr>)
        7    0.000    0.000    0.000    0.000 compiler.py:2006(_key_getters_for_crud_column)
5019/5017    0.023    0.000    4.572    0.001 compiler.py:212(process)
    10456    0.012    0.000    0.012    0.000 compiler.py:215(__str__)
       38    0.000    0.000    0.000    0.000 compiler.py:2642(quote_identifier)
       61    0.001    0.000    0.002    0.000 compiler.py:2653(_requires_quotes)
    80159    0.150    0.000    0.272    0.000 compiler.py:2672(quote)
    21033    0.044    0.000    0.100    0.000 compiler.py:2701(format_label)
        1    0.000    0.000    0.000    0.000 compiler.py:2704(format_alias)
    20032    0.047    0.000    0.047    0.000 compiler.py:271(__init__)
       12    0.000    0.000    0.001    0.000 compiler.py:2721(format_table)
       37    0.000    0.000    0.000    0.000 compiler.py:2737(format_column)
    20022    0.016    0.000    0.016    0.000 compiler.py:280(type)
     5017    0.160    0.000    4.810    0.001 compiler.py:329(__init__)
     5017    0.062    0.000    0.194    0.000 compiler.py:438(_bind_processors)
     7036    0.012    0.000    0.132    0.000 compiler.py:441(<genexpr>)
    12059    0.037    0.000    0.120    0.000 compiler.py:442(<genexpr>)
    10498    0.090    0.000    0.090    0.000 compiler.py:455(construct_params)
     1000    0.001    0.000    0.001    0.000 compiler.py:514(default_from)
     1001    0.010    0.000    0.391    0.000 compiler.py:523(visit_grouping)
    21033    0.365    0.000    1.797    0.000 compiler.py:581(visit_label)
    28037    0.370    0.000    0.682    0.000 compiler.py:620(visit_column)
     1001    0.003    0.000    0.005    0.000 compiler.py:660(escape_literal_column)
     2002    0.018    0.000    0.555    0.000 compiler.py:735(visit_clauselist)
     6004    0.006    0.000    0.517    0.000 compiler.py:742(<genexpr>)
     6004    0.017    0.000    0.511    0.000 compiler.py:744(<genexpr>)
        1    0.000    0.000    0.000    0.000 compiler.py:793(visit_function)
        1    0.000    0.000    0.000    0.000 compiler.py:816(function_argspec)
     1000    0.014    0.000    0.424    0.000 compiler.py:863(visit_unary)
     7003    0.054    0.000    0.831    0.000 compiler.py:904(visit_binary)
     7003    0.068    0.000    0.752    0.000 compiler.py:935(_generate_generic_binary)
     1000    0.008    0.000    0.406    0.000 compiler.py:940(_generate_generic_unary_operator)
     36/1    0.001    0.000    0.073    0.073 composer.py:117(compose_mapping_node)
        1    0.000    0.000    0.000    0.000 composer.py:13(__init__)
        1    0.000    0.000    0.074    0.074 composer.py:29(get_single_node)
        1    0.000    0.000    0.074    0.074 composer.py:50(compose_document)
    218/1    0.002    0.000    0.074    0.074 composer.py:63(compose_node)
      174    0.001    0.000    0.003    0.000 composer.py:88(compose_scalar_node)
      8/1    0.000    0.000    0.072    0.072 composer.py:99(compose_sequence_node)
        9    0.000    0.000    0.000    0.000 config.py:27(__get__)
    11801    0.019    0.000    0.050    0.000 connections.py:202(string_literal)
    10456    0.059    0.000    0.322    0.000 connections.py:245(cursor)
    25757    0.050    0.000    0.223    0.000 connections.py:267(literal)
      174    0.000    0.000    0.000    0.000 constructor.py:105(construct_scalar)
        8    0.000    0.000    0.000    0.000 constructor.py:112(construct_sequence)
       36    0.000    0.000    0.003    0.000 constructor.py:120(construct_mapping)
      174    0.000    0.000    0.001    0.000 constructor.py:163(construct_scalar)
       36    0.000    0.000    0.000    0.000 constructor.py:170(flatten_mapping)
        1    0.000    0.000    0.000    0.000 constructor.py:20(__init__)
       36    0.000    0.000    0.003    0.000 constructor.py:205(construct_mapping)
       17    0.000    0.000    0.000    0.000 constructor.py:227(construct_yaml_int)
        1    0.000    0.000    0.078    0.078 constructor.py:35(get_single_data)
      157    0.000    0.000    0.001    0.000 constructor.py:383(construct_yaml_str)
       16    0.000    0.000    0.000    0.000 constructor.py:390(construct_yaml_seq)
       72    0.000    0.000    0.004    0.000 constructor.py:395(construct_yaml_map)
        1    0.000    0.000    0.004    0.004 constructor.py:42(construct_document)
      218    0.001    0.000    0.003    0.000 constructor.py:55(construct_object)
    12804    0.036    0.000    0.036    0.000 converters.py:69(Thing2Str)
     1152    0.001    0.000    0.001    0.000 converters.py:84(None2NULL)
       38    0.000    0.000    0.002    0.000 crud.py:118(_create_bind_param)
       20    0.000    0.000    0.000    0.000 crud.py:131(_key_getters_for_crud_column)
       13    0.000    0.000    0.003    0.000 crud.py:203(_scan_cols)
       38    0.000    0.000    0.003    0.000 crud.py:257(_append_param_parameter)
       13    0.000    0.000    0.004    0.000 crud.py:29(_get_crud_params)
        5    0.000    0.000    0.000    0.000 crud.py:406(_append_param_update)
       13    0.000    0.000    0.000    0.000 crud.py:527(_get_returning_modifiers)
       52    0.000    0.000    0.000    0.000 crud.py:69(<genexpr>)
    15418    0.019    0.000    0.019    0.000 cursors.py:103(_check_executed)
    10456    0.154    0.000    0.154    0.000 cursors.py:107(_warning_check)
    10456    0.068    0.000    0.159    0.000 cursors.py:122(nextset)
    10456    0.154    0.000    0.388    0.000 cursors.py:142(_do_get_result)
    52280    0.047    0.000    0.047    0.000 cursors.py:159(_get_db)
    10414    0.264    0.000    5.068    0.000 cursors.py:164(execute)
       42    0.002    0.000    0.022    0.001 cursors.py:210(executemany)
    10456    0.095    0.000    4.178    0.000 cursors.py:315(_do_query)
    10456    0.016    0.000    0.075    0.000 cursors.py:324(_fetch_row)
    10456    0.037    0.000    0.162    0.000 cursors.py:351(_get_result)
    10456    0.037    0.000    4.335    0.000 cursors.py:353(_query)
    10456    0.045    0.000    0.121    0.000 cursors.py:358(_post_get_result)
    15418    0.058    0.000    0.082    0.000 cursors.py:380(fetchall)
    10456    0.254    0.000    0.263    0.000 cursors.py:75(__init__)
    10456    0.028    0.000    0.035    0.000 cursors.py:92(__del__)
    20912    0.039    0.000    0.197    0.000 cursors.py:97(close)
        7    0.000    0.000    0.000    0.000 ddl.py:1063(<genexpr>)
        7    0.000    0.000    0.001    0.000 ddl.py:937(sort_tables)
        7    0.000    0.000    0.001    0.000 ddl.py:996(sort_tables_and_constraints)
       49    0.000    0.000    0.001    0.000 default.py:342(type_descriptor)
     5445    0.020    0.000    0.020    0.000 default.py:393(set_connection_execution_options)
        1    0.000    0.000    0.000    0.000 default.py:408(do_begin)
    10414    0.057    0.000    5.125    0.000 default.py:441(do_execute)
    10456    0.573    0.000    1.486    0.000 default.py:507(_init_compiled)
        1    0.000    0.000    0.000    0.000 default.py:680(no_parameters)
    10456    0.045    0.000    0.050    0.000 default.py:684(should_autocommit)
    10456    0.045    0.000    0.414    0.000 default.py:736(create_cursor)
    10456    0.006    0.000    0.006    0.000 default.py:739(pre_exec)
    10456    0.006    0.000    0.006    0.000 default.py:742(post_exec)
    21023    0.058    0.000    0.167    0.000 default.py:745(get_result_processor)
     5403    0.005    0.000    0.005    0.000 default.py:755(get_lastrowid)
    10456    0.053    0.000    0.768    0.000 default.py:786(get_result_proxy)
     5452    0.070    0.000    0.655    0.000 default.py:799(_setup_crud_result_proxy)
     5403    0.177    0.000    0.332    0.000 default.py:837(_setup_ins_pk_from_lastrowid)
     7028    0.076    0.000    0.833    0.000 default_comparator.py:21(_boolean_compare)
     7028    0.065    0.000    0.580    0.000 default_comparator.py:269(_check_literal)
  1031732   34.218    0.000   44.131    0.000 distance.py:25(_edit_dist_init)
331579025  653.079    0.000  797.076    0.000 distance.py:36(_edit_dist_step)
  1031732  306.351    0.000 1167.977    0.001 distance.py:57(edit_distance)
       14    0.000    0.000    0.000    0.000 dml.py:183(__init__)
       14    0.000    0.000    0.000    0.000 dml.py:32(_process_colparams)
       14    0.000    0.000    0.000    0.000 dml.py:33(process_single)
        7    0.000    0.000    0.000    0.000 dml.py:427(__init__)
        7    0.000    0.000    0.000    0.000 dml.py:572(__init__)
        3    0.000    0.000    0.000    0.000 dml.py:718(_extra_froms)
        7    0.000    0.000    0.000    0.000 dml.py:744(__init__)
        1    0.000    0.000    0.000    0.000 elements.py:1765(__init__)
        1    0.000    0.000    0.000    0.000 elements.py:1798(_copy_internals)
     2001    0.002    0.000    0.002    0.000 elements.py:1801(get_children)
     2005    0.044    0.000    0.065    0.000 elements.py:1804(_from_objects)
     2001    0.007    0.000    0.031    0.000 elements.py:1808(self_group)
     5016    0.073    0.000    0.238    0.000 elements.py:1839(_construct)
     5016    0.023    0.000    0.262    0.000 elements.py:1870(and_)
     2000    0.017    0.000    0.047    0.000 elements.py:1947(self_group)
     1001    0.005    0.000    0.026    0.000 elements.py:2210(literal_column)
        4    0.000    0.000    0.000    0.000 elements.py:235(_clone)
     1000    0.013    0.000    0.021    0.000 elements.py:2409(__init__)
     7030    0.005    0.000    0.005    0.000 elements.py:257(_constructor)
     1000    0.001    0.000    0.001    0.000 elements.py:2638(get_children)
     1000    0.003    0.000    0.013    0.000 elements.py:2664(self_group)
       38    0.000    0.000    0.000    0.000 elements.py:269(_cloned_set)
     7028    0.099    0.000    0.162    0.000 elements.py:2704(__init__)
     8005    0.045    0.000    0.045    0.000 elements.py:2734(_from_objects)
     1000    0.001    0.000    0.001    0.000 elements.py:2742(get_children)
    10004    0.023    0.000    0.134    0.000 elements.py:2763(self_group)
        1    0.000    0.000    0.000    0.000 elements.py:2787(__init__)
        1    0.000    0.000    0.000    0.000 elements.py:2802(_copy_internals)
        1    0.000    0.000    0.000    0.000 elements.py:2805(get_children)
        1    0.000    0.000    0.000    0.000 elements.py:2812(__getattr__)
     1009    0.009    0.000    1.087    0.001 elements.py:291(_annotate)
     1001    0.023    0.000    0.065    0.000 elements.py:3029(__init__)
     1001    0.003    0.000    0.005    0.000 elements.py:3075(type)
     1001    0.004    0.000    0.017    0.000 elements.py:3081(element)
     2002    0.001    0.000    0.001    0.000 elements.py:3102(get_children)
        1    0.000    0.000    0.001    0.001 elements.py:3105(_copy_internals)
     2002    0.005    0.000    0.026    0.000 elements.py:3115(_from_objects)
     9031    0.050    0.000    0.142    0.000 elements.py:3168(__init__)
    10456    0.041    0.000   13.686    0.001 elements.py:322(_execute_on_connection)
    23464    0.037    0.000    0.037    0.000 elements.py:3271(_get_table)
    14061    0.035    0.000    0.109    0.000 elements.py:3274(_set_table)
     2034    0.004    0.000    0.006    0.000 elements.py:3279(_from_objects)
       14    0.000    0.000    0.000    0.000 elements.py:3287(description)
       32    0.000    0.000    0.000    0.000 elements.py:3294(_key_label)
     2042    0.004    0.000    0.017    0.000 elements.py:3301(_label)
       32    0.000    0.000    0.000    0.000 elements.py:3305(_render_label_in_columns_clause)
     2042    0.007    0.000    0.012    0.000 elements.py:3309(_gen_label)
     7002    0.058    0.000    0.461    0.000 elements.py:3349(_bind_param)
     2000    0.034    0.000    0.156    0.000 elements.py:3355(_make_proxy)
    15077    0.052    0.000    0.092    0.000 elements.py:3448(__new__)
       38    0.000    0.000    0.000    0.000 elements.py:3467(_memoized_method_lower)
    10047    0.072    0.000    0.189    0.000 elements.py:3492(__new__)
    20033    0.007    0.000    0.007    0.000 elements.py:3500(apply_map)
     8005    0.080    0.000    0.210    0.000 elements.py:3603(apply_map)
     7062    0.011    0.000    0.056    0.000 elements.py:3612(_as_truncated)
     5045    0.009    0.000    0.009    0.000 elements.py:3636(_expand_cloned)
     7006    0.069    0.000    0.079    0.000 elements.py:3644(_select_iterables)
       39    0.000    0.000    0.000    0.000 elements.py:3702(_column_as_key)
    12005    0.019    0.000    0.044    0.000 elements.py:3744(_expression_literal_as_text)
    17021    0.019    0.000    0.033    0.000 elements.py:3748(_literal_as_text)
        1    0.000    0.000    0.000    0.000 elements.py:378(_copy_internals)
       38    0.000    0.000    0.000    0.000 elements.py:3782(_is_literal)
        1    0.000    0.000    0.000    0.000 elements.py:3804(_literal_as_binds)
    28033    0.047    0.000    0.121    0.000 elements.py:3818(_interpret_as_column_or_from)
        8    0.000    0.000    0.000    0.000 elements.py:3898(__init__)
     9001    0.003    0.000    0.003    0.000 elements.py:391(get_children)
     5017    0.027    0.000    4.889    0.001 elements.py:431(compile)
     5017    0.053    0.000    4.862    0.001 elements.py:496(_compiler)
    14058    0.038    0.000    0.038    0.000 elements.py:698(self_group)
     1008    0.006    0.000    0.008    0.000 elements.py:716(comparator)
     2004    0.037    0.000    0.052    0.000 elements.py:720(__getattr__)
     7028    0.029    0.000    0.996    0.000 elements.py:731(operate)
    28043    0.011    0.000    0.011    0.000 elements.py:751(_select_iterable)
    24/13    0.000    0.000    0.000    0.000 elements.py:760(proxy_set)
     1001    0.006    0.000    0.071    0.000 elements.py:840(label)
     7067    0.230    0.000    0.403    0.000 elements.py:896(__init__)
      767    0.002    0.000    0.002    0.000 error.py:6(__init__)
       44    0.000    0.000    0.000    0.000 events.py:22(__init__)
        1    0.000    0.000    0.000    0.000 events.py:37(__init__)
        1    0.000    0.000    0.000    0.000 events.py:46(__init__)
       45    0.000    0.000    0.000    0.000 events.py:5(__init__)
        1    0.000    0.000    0.000    0.000 events.py:55(__init__)
      174    0.001    0.000    0.001    0.000 events.py:65(__init__)
        2    0.000    0.000    0.000    0.000 functions.py:148(_from_objects)
        1    0.000    0.000    0.000    0.000 functions.py:152(get_children)
        1    0.000    0.000    0.000    0.000 functions.py:155(_copy_internals)
        1    0.000    0.000    0.000    0.000 functions.py:240(__init__)
        1    0.000    0.000    0.000    0.000 functions.py:244(__getattr__)
        1    0.000    0.000    0.000    0.000 functions.py:258(__call__)
        1    0.000    0.000    0.000    0.000 functions.py:483(__init__)
        1    0.000    0.000    0.000    0.000 functions.py:579(__init__)
        2    0.000    0.000    0.000    0.000 functions.py:89(clauses)
        3    0.000    0.000    0.000    0.000 genericpath.py:85(_splitext)
        2    0.000    0.000    0.000    0.000 handlers.py:146(shouldRollover)
        2    0.000    0.000    0.000    0.000 handlers.py:69(emit)
        7    0.000    0.000    0.000    0.000 identity.py:106(contains_state)
     5494    0.018    0.000    0.033    0.000 identity.py:109(replace)
        2    0.000    0.000    0.000    0.000 identity.py:14(__init__)
     2802    0.007    0.000    0.007    0.000 identity.py:140(_add_unpresent)
     2802    0.005    0.000    0.005    0.000 identity.py:145(get)
        2    0.000    0.000    0.001    0.000 identity.py:184(all_states)
     4499    0.006    0.000    0.009    0.000 identity.py:190(_fast_discard)
     5487    0.012    0.000    0.015    0.000 identity.py:39(_manage_incoming_state)
      989    0.001    0.000    0.001    0.000 identity.py:50(_dirty_states)
      994    0.002    0.000    0.002    0.000 identity.py:53(check_modified)
     5501    0.006    0.000    0.008    0.000 identity.py:72(__len__)
     5487    0.015    0.000    0.015    0.000 identity.py:94(__contains__)
    45964    0.163    0.000    0.248    0.000 inspection.py:38(inspect)
        3    0.000    0.000    0.000    0.000 instrumentation.py:102(_collection_impl_keys)
        3    0.000    0.000    0.000    0.000 instrumentation.py:107(_scalar_loader_impls)
       72    0.000    0.000    0.000    0.000 instrumentation.py:136(_attr_has_impl)
        9    0.000    0.000    0.000    0.000 instrumentation.py:175(_state_constructor)
       72    0.000    0.000    0.000    0.000 instrumentation.py:232(post_configure_attribute)
     2802    0.024    0.000    0.055    0.000 instrumentation.py:311(new_instance)
     5487    0.042    0.000    0.105    0.000 instrumentation.py:329(_new_state_if_none)
     6006    0.007    0.000    0.007    0.000 instrumentation.py:94(is_mapped)
        3    0.000    0.000    0.000    0.000 instrumentation.py:98(_all_key_set)
       72    0.000    0.000    0.007    0.000 interfaces.py:176(init)
     2000    0.007    0.000    0.008    0.000 interfaces.py:347(_query_clause_element)
        8    0.000    0.000    0.000    0.000 interfaces.py:362(adapter)
    23032    0.108    0.000    0.110    0.000 interfaces.py:466(_get_context_loader)
       72    0.001    0.000    0.006    0.000 interfaces.py:486(_get_strategy)
       72    0.000    0.000    0.006    0.000 interfaces.py:495(_get_strategy_by_cls)
    23032    0.106    0.000    0.307    0.000 interfaces.py:498(setup)
       72    0.000    0.000    0.006    0.000 interfaces.py:519(do_init)
       72    0.000    0.000    0.010    0.000 interfaces.py:523(post_instrument_class)
       72    0.001    0.000    0.001    0.000 interfaces.py:543(_strategy_lookup)
       72    0.000    0.000    0.000    0.000 interfaces.py:608(__init__)
        1    0.000    0.000    0.000    0.000 langhelpers.py:1003(asint)
       49    0.000    0.000    0.002    0.000 langhelpers.py:1024(constructor_copy)
      199    0.000    0.000    0.000    0.000 langhelpers.py:1032(<genexpr>)
     5005    0.032    0.000    0.048    0.000 langhelpers.py:1043(_next)
     5030    0.015    0.000    0.015    0.000 langhelpers.py:1235(set_creation_order)
        1    0.000    0.000    0.000    0.000 langhelpers.py:183(load)
   134/49    0.001    0.000    0.001    0.000 langhelpers.py:216(get_cls_kwargs)
       32    0.000    0.000    0.000    0.000 langhelpers.py:257(inspect_func_args)
        1    0.000    0.000    0.000    0.000 langhelpers.py:534(__init__)
        1    0.000    0.000    0.000    0.000 langhelpers.py:538(__call__)
        1    0.000    0.000    0.000    0.000 langhelpers.py:66(decode_slice)
36047/31934    0.167    0.000    1.950    0.000 langhelpers.py:744(__get__)
       17    0.000    0.000    0.000    0.000 langhelpers.py:750(_reset)
       17    0.000    0.000    0.000    0.000 langhelpers.py:753(reset)
        1    0.000    0.000    0.000    0.000 langhelpers.py:772(__get__)
        1    0.000    0.000    0.000    0.000 langhelpers.py:776(oneshot)
    16074    0.070    0.000    0.087    0.000 langhelpers.py:797(expire_instance)
       72    0.000    0.000    0.000    0.000 langhelpers.py:820(_fallback_getattr)
  308/118    0.001    0.000    0.003    0.000 langhelpers.py:823(__getattr__)
       46    0.000    0.000    0.001    0.000 langhelpers.py:833(oneshot)
     8994    0.005    0.000    0.005    0.000 langhelpers.py:835(<lambda>)
        3    0.000    0.000    0.000    0.000 langhelpers.py:946(module)
        5    0.000    0.000    0.000    0.000 langhelpers.py:962(__getattr__)
        1    0.000    0.000    0.000    0.000 loader.py:33(__init__)
     3004    0.109    0.000    0.460    0.000 loading.py:222(_setup_entity_query)
     2003    0.169    0.000    0.264    0.000 loading.py:267(_instance_processor)
    10302    0.195    0.000    1.149    0.000 loading.py:28(instances)
     2802    0.077    0.000    0.217    0.000 loading.py:358(_instance)
     2802    0.065    0.000    0.065    0.000 loading.py:476(_populate_full)
        1    0.000    0.000    0.000    0.000 log.py:54(_should_log_debug)
        1    0.000    0.000    0.000    0.000 log.py:57(_should_log_info)
        3    0.000    0.000    0.000    0.000 logging.py:27(getEffectiveLevel)
        3    0.000    0.000    0.000    0.000 logging.py:33(emit)
        3    0.000    0.000    0.000    0.000 mapper.py:1508(_prop_set)
       11    0.001    0.000    0.019    0.002 mapper.py:1695(_post_configure_properties)
       11    0.000    0.000    0.000    0.000 mapper.py:1738(_expire_memoizations)
       94    0.000    0.000    0.000    0.000 mapper.py:1742(_log_desc)
       94    0.001    0.000    0.001    0.000 mapper.py:1752(_log)
     5494    0.022    0.000    0.029    0.000 mapper.py:1774(_is_orphan)
        4    0.000    0.000    0.000    0.000 mapper.py:1815(iterate_properties)
        6    0.000    0.000    0.000    0.000 mapper.py:1879(_single_table_criterion)
     3003    0.006    0.000    0.025    0.000 mapper.py:1890(_with_polymorphic_mappers)
        6    0.000    0.000    0.000    0.000 mapper.py:1898(_with_polymorphic_selectable)
        7    0.000    0.000    0.000    0.000 mapper.py:1917(_insert_cols_as_none)
       14    0.000    0.000    0.000    0.000 mapper.py:1920(<genexpr>)
       17    0.000    0.000    0.000    0.000 mapper.py:1923(<genexpr>)
        7    0.000    0.000    0.000    0.000 mapper.py:1930(_propkey_to_col)
       14    0.000    0.000    0.000    0.000 mapper.py:1933(<genexpr>)
       30    0.000    0.000    0.000    0.000 mapper.py:1936(<genexpr>)
        7    0.000    0.000    0.000    0.000 mapper.py:1943(_pk_keys_by_table)
       14    0.000    0.000    0.000    0.000 mapper.py:1946(<genexpr>)
    11003    0.012    0.000    0.013    0.000 mapper.py:1965(selectable)
        4    0.000    0.000    0.000    0.000 mapper.py:1993(_polymorphic_properties)
       34    0.000    0.000    0.000    0.000 mapper.py:1998(_iterate_polymorphic_properties)
        7    0.000    0.000    0.000    0.000 mapper.py:2112(relationships)
        7    0.000    0.000    0.000    0.000 mapper.py:2138(_filter_properties)
        7    0.000    0.000    0.000    0.000 mapper.py:2142(<genexpr>)
        1    0.000    0.000    0.000    0.000 mapper.py:2158(_equivalent_columns)
    11024    0.007    0.000    0.007    0.000 mapper.py:2266(iterate_to_root)
       19    0.000    0.000    0.001    0.000 mapper.py:2272(self_and_descendants)
    10981    0.202    0.000    0.259    0.000 mapper.py:2364(_identity_key_from_state)
     5487    0.108    0.000    0.164    0.000 mapper.py:2522(cascade_iterator)
        7    0.000    0.000    0.000    0.000 mapper.py:2568(_compiled_cache)
        7    0.000    0.000    0.001    0.000 mapper.py:2572(_sorted_tables)
    16335    0.030    0.000    0.034    0.000 mapper.py:2619(_memo)
        7    0.000    0.000    0.000    0.000 mapper.py:2626(_table_to_equated)
        1    0.000    0.000    0.019    0.019 mapper.py:2647(configure_mappers)
        9    0.000    0.000    0.000    0.000 mapper.py:2781(_event_on_first_init)
     5487    0.019    0.000    0.024    0.000 mapper.py:2795(_event_on_init)
    34018    0.011    0.000    0.011    0.000 mapper.py:642(mapper)
        4    0.000    0.000    0.000    0.000 mapper.py:887(_path_registry)
     1000    0.134    0.000    0.291    0.000 mdm_match.py:152(get_applicable_rules)
  1232639    7.814    0.000 1175.791    0.001 mdm_match.py:18(attributeMatches)
     1000    2.817    0.003 1214.363    1.214 mdm_match.py:192(match_to_mastered_providers)
     1000    0.106    0.000   12.067    0.012 mdm_match.py:308(get_mp_object)
  1031589   14.585    0.000 1201.152    0.001 mdm_match.py:31(matches_mastered_provider)
        1    0.042    0.042   17.325   17.325 mdm_match.py:320(get_mp_objects)
        2    0.000    0.000    0.000    0.000 mdm_match.py:352(get_mmp_objects)
        1    0.001    0.001    0.002    0.002 mdm_match.py:358(check_rules)
        1    0.016    0.016 1232.185 1232.185 mdm_match.py:404(match_all)
        1    0.000    0.000    0.081    0.081 mdm_rules.py:6(load_rules)
        7    0.000    0.000    0.000    0.000 mysqldb.py:53(rowcount)
       38    0.000    0.000    0.000    0.000 mysqldb.py:72(_escape_identifier)
       42    0.000    0.000    0.023    0.001 mysqldb.py:94(do_executemany)
      174    0.000    0.000    0.000    0.000 nodes.py:27(__init__)
       44    0.000    0.000    0.000    0.000 nodes.py:36(__init__)
28060/7028    0.086    0.000    1.196    0.000 operators.py:294(__eq__)
    13005    0.054    0.000    0.144    0.000 operators.py:887(is_precedent)
      218    0.000    0.000    0.000    0.000 parser.py:107(peek_event)
      266    0.000    0.000    0.000    0.000 parser.py:114(get_event)
        1    0.000    0.000    0.000    0.000 parser.py:127(parse_stream_start)
        1    0.000    0.000    0.000    0.000 parser.py:139(parse_implicit_document_start)
        2    0.000    0.000    0.000    0.000 parser.py:159(parse_document_start)
        1    0.000    0.000    0.000    0.000 parser.py:190(parse_document_end)
        1    0.000    0.000    0.000    0.000 parser.py:208(parse_document_content)
        1    0.000    0.000    0.000    0.000 parser.py:217(process_directives)
       36    0.000    0.000    0.004    0.000 parser.py:264(parse_block_node)
      182    0.000    0.000    0.014    0.000 parser.py:270(parse_block_node_or_indentless_sequence)
      218    0.003    0.000    0.017    0.000 parser.py:273(parse_node)
        8    0.000    0.000    0.003    0.000 parser.py:376(parse_block_sequence_first_entry)
       43    0.000    0.000    0.013    0.000 parser.py:381(parse_block_sequence_entry)
       36    0.000    0.000    0.004    0.000 parser.py:422(parse_block_mapping_first_key)
      127    0.001    0.000    0.025    0.000 parser.py:427(parse_block_mapping_key)
       91    0.001    0.000    0.025    0.000 parser.py:446(parse_block_mapping_value)
        1    0.000    0.000    0.000    0.000 parser.py:81(__init__)
        1    0.000    0.000    0.000    0.000 parser.py:89(dispose)
      688    0.002    0.000    0.067    0.000 parser.py:94(check_event)
        4    0.000    0.000    0.000    0.000 path_registry.py:125(per_mapper)
       60    0.000    0.000    0.000    0.000 path_registry.py:135(token)
       30    0.000    0.000    0.000    0.000 path_registry.py:162(__getitem__)
       60    0.000    0.000    0.000    0.000 path_registry.py:169(__init__)
       30    0.000    0.000    0.000    0.000 path_registry.py:190(__init__)
       30    0.000    0.000    0.000    0.000 path_registry.py:219(_wildcard_path_loader_key)
       30    0.000    0.000    0.000    0.000 path_registry.py:233(_default_path_loader_key)
       30    0.000    0.000    0.000    0.000 path_registry.py:242(_loader_key)
        4    0.000    0.000    0.000    0.000 path_registry.py:267(__init__)
       30    0.000    0.000    0.000    0.000 path_registry.py:283(__getitem__)
       30    0.000    0.000    0.000    0.000 path_registry.py:289(__missing__)
     3004    0.018    0.000    0.044    0.000 path_registry.py:62(set)
     2003    0.006    0.000    0.006    0.000 path_registry.py:70(get)
    10890    0.058    0.000    0.070    0.000 persistence.py:1012(_cached_connection_dict)
     5445    0.029    0.000    0.262    0.000 persistence.py:1015(<lambda>)
    10890    0.152    0.000    0.475    0.000 persistence.py:1020(_sort_states)
    10897    0.009    0.000    0.009    0.000 persistence.py:1022(<genexpr>)
        7    0.000    0.000    0.000    0.000 persistence.py:1025(<lambda>)
     5445    0.247    0.000    7.272    0.001 persistence.py:124(save_obj)
    10932    0.010    0.000    0.010    0.000 persistence.py:180(<genexpr>)
     5452    0.002    0.000    0.002    0.000 persistence.py:184(<genexpr>)
     5445    0.108    0.000    0.527    0.000 persistence.py:223(delete_obj)
    10939    0.102    0.000    0.864    0.000 persistence.py:256(_organize_states_for_save)
     5445    0.011    0.000    0.309    0.000 persistence.py:336(_organize_states_for_delete)
    10932    0.147    0.000    0.204    0.000 persistence.py:362(_collect_insert_commands)
     5452    0.006    0.000    0.007    0.000 persistence.py:416(_collect_update_commands)
     5445    0.004    0.000    0.004    0.000 persistence.py:548(_collect_delete_commands)
     5445    0.050    0.000    0.078    0.000 persistence.py:577(_emit_update_statements)
        7    0.000    0.000    0.002    0.000 persistence.py:586(update_stmt)
        7    0.000    0.000    0.000    0.000 persistence.py:612(<lambda>)
     5445    0.201    0.000    5.885    0.001 persistence.py:700(_emit_insert_statements)
     5487    0.018    0.000    0.018    0.000 persistence.py:711(<lambda>)
     5445    0.036    0.000    0.051    0.000 persistence.py:815(_emit_delete_statements)
        7    0.000    0.000    0.001    0.000 persistence.py:823(delete_stmt)
     5445    0.081    0.000    0.112    0.000 persistence.py:898(_finalize_insert_update_commands)
     5494    0.033    0.000    0.033    0.000 persistence.py:939(_postfetch)
    16384    0.108    0.000    0.884    0.000 persistence.py:985(_connections_for_states)
        1    0.000    0.000    0.000    0.000 pool.py:1019(_do_return_conn)
        1    0.000    0.000    0.000    0.000 pool.py:1028(_do_get)
        1    0.000    0.000    0.000    0.000 pool.py:367(connect)
        1    0.000    0.000    0.000    0.000 pool.py:388(_return_conn)
        1    0.000    0.000    0.000    0.000 pool.py:478(checkout)
        1    0.000    0.000    0.000    0.000 pool.py:501(checkin)
        1    0.000    0.000    0.000    0.000 pool.py:559(get_connection)
        1    0.000    0.000    0.000    0.000 pool.py:610(_finalize_fairy)
        1    0.000    0.000    0.000    0.000 pool.py:672(__init__)
        1    0.000    0.000    0.000    0.000 pool.py:705(_checkout)
        1    0.000    0.000    0.000    0.000 pool.py:745(_checkin)
        1    0.000    0.000    0.000    0.000 pool.py:753(_reset)
    10456    0.047    0.000    0.368    0.000 pool.py:834(cursor)
        2    0.000    0.000    0.000    0.000 pool.py:843(__getattr__)
        1    0.000    0.000    0.000    0.000 pool.py:868(close)
        3    0.000    0.000    0.000    0.000 posixpath.py:110(basename)
        3    0.000    0.000    0.000    0.000 posixpath.py:43(normcase)
        3    0.000    0.000    0.000    0.000 posixpath.py:95(splitext)
        1    0.000    0.000    0.032    0.032 pprint.py:113(pprint)
    126/1    0.002    0.000    0.032    0.032 pprint.py:129(_format)
      216    0.001    0.000    0.026    0.000 pprint.py:228(_repr)
      216    0.000    0.000    0.025    0.000 pprint.py:237(format)
  959/216    0.016    0.000    0.025    0.000 pprint.py:247(_safe_repr)
        1    0.000    0.000    0.032    0.032 pprint.py:52(pprint)
      161    0.001    0.000    0.003    0.000 pprint.py:74(_sorted)
        1    0.000    0.000    0.000    0.000 pprint.py:82(__init__)
       46    0.000    0.000    0.000    0.000 processors.py:134(to_unicode_processor_factory)
       72    0.000    0.000    0.007    0.000 properties.py:185(do_init)
        8    0.000    0.000    0.001    0.000 properties.py:244(_memoized_method___clause_element__)
     7002    0.026    0.000    1.117    0.000 properties.py:266(operate)
     1000    0.014    0.000    0.088    0.000 query.py:1062(add_columns)
     6003    0.023    0.000    1.457    0.000 query.py:107(__init__)
     6004    0.079    0.000    1.434    0.000 query.py:112(_set_entities)
     7004    0.084    0.000    0.261    0.000 query.py:122(_set_entity_selectables)
     5002    0.054    0.000    0.084    0.000 query.py:1273(filter)
     5002    0.104    0.000    1.912    0.000 query.py:1309(filter_by)
        1    0.000    0.000    0.000    0.000 query.py:158(_set_select_from)
        1    0.001    0.001    0.088    0.088 query.py:2261(__getitem__)
     9003    0.020    0.000    0.025    0.000 query.py:228(_adapt_clause)
        1    0.000    0.000    0.000    0.000 query.py:2287(slice)
     3002    0.108    0.000    8.161    0.003 query.py:2392(all)
     2001    0.057    0.000    3.788    0.002 query.py:2450(one)
     1001    0.005    0.000    2.176    0.002 query.py:2483(scalar)
     5004    0.046    0.000   10.704    0.002 query.py:2510(__iter__)
     5004    0.024    0.000    0.142    0.000 query.py:2517(_connection_from_session)
     5004    0.084    0.000    8.936    0.002 query.py:2524(_execute_and_instances)
     6005    0.036    0.000    0.036    0.000 query.py:2637(_select_args)
     1000    0.029    0.000    1.824    0.002 query.py:2656(exists)
        5    0.000    0.000    0.004    0.001 query.py:268(replace)
        1    0.000    0.000    0.017    0.017 query.py:2696(count)
    12006    0.009    0.000    0.009    0.000 query.py:286(_entity_zero)
    12007    0.025    0.000    0.034    0.000 query.py:289(_mapper_zero)
        2    0.000    0.000    0.000    0.000 query.py:294(_mapper_entities)
     6005    0.143    0.000    2.134    0.000 query.py:2952(_compile_context)
     7002    0.028    0.000    0.051    0.000 query.py:300(_joinpoint_zero)
     5004    0.026    0.000    0.063    0.000 query.py:306(_bind_mapper)
     6005    0.143    0.000    1.060    0.000 query.py:3070(_simple_statement)
     6004    0.059    0.000    0.068    0.000 query.py:3106(_adjust_for_single_inheritance)
     7004    0.040    0.000    0.174    0.000 query.py:3158(__new__)
     3003    0.012    0.000    0.015    0.000 query.py:3179(__init__)
     3003    0.036    0.000    0.076    0.000 query.py:3189(setup_entity)
        1    0.000    0.000    0.000    0.000 query.py:3258(adapt_to_selectable)
     5007    0.011    0.000    0.011    0.000 query.py:3261(_get_entity_clauses)
     2003    0.074    0.000    0.343    0.000 query.py:3281(row_processor)
     3004    0.037    0.000    0.503    0.000 query.py:3316(setup_context)
        1    0.000    0.000    0.000    0.000 query.py:340(__all_equivs)
     4001    0.141    0.000    0.843    0.000 query.py:3538(__init__)
     3000    0.036    0.000    0.054    0.000 query.py:3657(setup_entity)
     3001    0.020    0.000    0.045    0.000 query.py:3676(row_processor)
     4001    0.038    0.000    0.053    0.000 query.py:3688(setup_context)
     6005    0.121    0.000    0.127    0.000 query.py:3710(__init__)
     6005    0.004    0.000    0.004    0.000 query.py:3741(<genexpr>)
     5003    0.010    0.000    0.010    0.000 query.py:381(_no_statement_condition)
     5002    0.008    0.000    0.008    0.000 query.py:389(_no_limit_offset)
     7006    0.023    0.000    0.040    0.000 query.py:416(_clone)
     1001    0.011    0.000    1.516    0.002 query.py:422(statement)
        1    0.000    0.000    0.000    0.000 query.py:572(enable_eagerloads)
     1001    0.001    0.000    0.001    0.000 query.py:598(with_labels)
        1    0.000    0.000    0.004    0.004 query.py:970(from_self)
        1    0.000    0.000    0.000    0.000 query.py:991(_from_selectable)
        1    0.000    0.000    0.000    0.000 queue.py:130(get)
        1    0.000    0.000    0.000    0.000 queue.py:186(_empty)
        1    0.000    0.000    0.000    0.000 queue.py:190(_full)
        1    0.000    0.000    0.000    0.000 queue.py:194(_put)
        1    0.000    0.000    0.000    0.000 queue.py:198(_get)
        1    0.000    0.000    0.000    0.000 queue.py:87(put)
      767    0.003    0.000    0.005    0.000 reader.py:114(get_mark)
        1    0.000    0.000    0.000    0.000 reader.py:122(determine_encoding)
        3    0.000    0.000    0.000    0.000 reader.py:138(check_printable)
        5    0.000    0.000    0.000    0.000 reader.py:146(update)
        4    0.000    0.000    0.000    0.000 reader.py:177(update_raw)
        1    0.000    0.000    0.000    0.000 reader.py:59(__init__)
     5252    0.004    0.000    0.004    0.000 reader.py:87(peek)
      580    0.001    0.000    0.001    0.000 reader.py:94(prefix)
     1265    0.006    0.000    0.006    0.000 reader.py:99(forward)
      218    0.000    0.000    0.000    0.000 resolver.py:111(ascend_resolver)
      218    0.001    0.000    0.002    0.000 resolver.py:140(resolve)
        1    0.000    0.000    0.000    0.000 resolver.py:21(__init__)
      218    0.000    0.000    0.000    0.000 resolver.py:88(descend_resolver)
     5004    0.317    0.000    0.539    0.000 result.py:189(__init__)
    21023    0.062    0.000    0.065    0.000 result.py:416(_getter)
    10456    0.102    0.000    0.715    0.000 result.py:485(__init__)
    21023    0.030    0.000    0.095    0.000 result.py:494(_getter)
    10456    0.066    0.000    0.612    0.000 result.py:500(_init_metadata)
        7    0.000    0.000    0.000    0.000 result.py:523(rowcount)
    10456    0.008    0.000    0.008    0.000 result.py:619(_cursor_description)
    10456    0.046    0.000    0.265    0.000 result.py:624(_soft_close)
     5004    0.020    0.000    0.049    0.000 result.py:898(_fetchall_impl)
     5004    0.025    0.000    0.025    0.000 result.py:915(process_rows)
     5004    0.023    0.000    0.214    0.000 result.py:931(fetchall)
     1753    0.005    0.000    0.052    0.000 scanner.py:113(check_token)
      264    0.000    0.000    0.002    0.000 scanner.py:125(peek_token)
      174    0.005    0.000    0.019    0.000 scanner.py:1276(scan_plain)
      482    0.001    0.000    0.004    0.000 scanner.py:132(get_token)
      194    0.002    0.000    0.006    0.000 scanner.py:1323(scan_plain_spaces)
     2801    0.006    0.000    0.013    0.000 scanner.py:142(need_more_tokens)
      403    0.001    0.000    0.002    0.000 scanner.py:1431(scan_line_break)
      302    0.002    0.000    0.035    0.000 scanner.py:153(fetch_more_tokens)
     2570    0.002    0.000    0.002    0.000 scanner.py:261(next_possible_simple_key)
     2872    0.004    0.000    0.005    0.000 scanner.py:276(stale_possible_simple_keys)
      174    0.001    0.000    0.002    0.000 scanner.py:292(save_possible_simple_key)
      128    0.000    0.000    0.000    0.000 scanner.py:313(remove_possible_simple_key)
      304    0.000    0.000    0.001    0.000 scanner.py:326(unwind_indent)
      126    0.000    0.000    0.000    0.000 scanner.py:350(add_indent)
        1    0.000    0.000    0.000    0.000 scanner.py:360(fetch_stream_start)
        1    0.000    0.000    0.000    0.000 scanner.py:372(fetch_stream_end)
       91    0.000    0.000    0.000    0.000 scanner.py:38(__init__)
        1    0.000    0.000    0.000    0.000 scanner.py:403(fetch_document_start)
        1    0.000    0.000    0.000    0.000 scanner.py:409(fetch_document_indicator)
        1    0.000    0.000    0.000    0.000 scanner.py:48(__init__)
       35    0.000    0.000    0.001    0.000 scanner.py:485(fetch_block_entry)
       91    0.001    0.000    0.004    0.000 scanner.py:546(fetch_value)
      174    0.001    0.000    0.021    0.000 scanner.py:669(fetch_plain)
       36    0.000    0.000    0.000    0.000 scanner.py:691(check_document_start)
       35    0.000    0.000    0.000    0.000 scanner.py:707(check_block_entry)
       91    0.000    0.000    0.000    0.000 scanner.py:722(check_value)
      174    0.000    0.000    0.000    0.000 scanner.py:732(check_plain)
      302    0.002    0.000    0.004    0.000 scanner.py:753(scan_to_next_token)
      111    0.001    0.000    0.001    0.000 schema.py:1189(__str__)
     5030    0.152    0.000    0.743    0.000 schema.py:1346(_make_proxy)
     6000    0.017    0.000    0.019    0.000 schema.py:1391(get_children)
     5410    0.050    0.000    0.050    0.000 schema.py:2496(__iter__)
    15235    0.027    0.000    0.027    0.000 schema.py:2501(<genexpr>)
       14    0.000    0.000    0.000    0.000 schema.py:519(foreign_key_constraints)
       14    0.000    0.000    0.000    0.000 schema.py:530(<genexpr>)
        7    0.000    0.000    0.001    0.000 schema.py:575(_autoincrement_column)
     5030    0.004    0.000    0.004    0.000 schema.py:67(_init_items)
     1000    0.007    0.000    0.026    0.000 schema.py:690(get_children)
     5030    0.199    0.000    0.343    0.000 schema.py:861(__init__)
        1    0.000    0.000    0.000    0.000 selectable.py:1088(__init__)
        1    0.000    0.000    0.000    0.000 selectable.py:1118(is_derived_from)
        1    0.000    0.000    0.003    0.003 selectable.py:1123(_populate_column_collection)
        1    0.000    0.000    0.000    0.000 selectable.py:1156(_from_objects)
     1000    0.001    0.000    0.001    0.000 selectable.py:1222(__init__)
     1000    0.001    0.000    0.001    0.000 selectable.py:1250(get_children)
     1000    0.009    0.000    0.020    0.000 selectable.py:1350(get_children)
        7    0.000    0.000    0.000    0.000 selectable.py:1371(insert)
        7    0.000    0.000    0.000    0.000 selectable.py:1386(update)
        7    0.000    0.000    0.000    0.000 selectable.py:1403(delete)
     8005    0.007    0.000    0.007    0.000 selectable.py:1418(_from_objects)
     1001    0.010    0.000    0.028    0.000 selectable.py:1658(_generate)
     6005    0.028    0.000    0.028    0.000 selectable.py:1695(__init__)
     5026    0.002    0.000    0.002    0.000 selectable.py:170(selectable)
     6005    0.295    0.000    0.806    0.000 selectable.py:2220(__init__)
    11010    0.014    0.000    0.081    0.000 selectable.py:2438(<genexpr>)
     7006    0.276    0.000    0.526    0.000 selectable.py:2479(_froms)
     6005    0.058    0.000    0.533    0.000 selectable.py:2506(_get_display_froms)
        1    0.000    0.000    0.000    0.000 selectable.py:2655(locate_all_froms)
        1    0.000    0.000    0.000    0.000 selectable.py:2689(is_derived_from)
     1000    0.025    0.000    0.312    0.000 selectable.py:2743(get_children)
     1000    0.008    0.000    0.095    0.000 selectable.py:2793(with_only_columns)
        1    0.000    0.000    0.000    0.000 selectable.py:2960(correlate)
     7006    0.082    0.000    0.332    0.000 selectable.py:3151(_columns_plus_names)
    28043    0.069    0.000    0.091    0.000 selectable.py:3156(name_for_col)
     2002    0.065    0.000    1.134    0.001 selectable.py:3179(_populate_column_collection)
     1000    0.004    0.000    0.006    0.000 selectable.py:3211(self_group)
     1000    0.010    0.000    0.032    0.000 selectable.py:3321(__init__)
     1001    0.013    0.000    1.072    0.001 selectable.py:3432(__init__)
     5026    0.045    0.000    0.067    0.000 selectable.py:35(_interpret_as_from)
        1    0.000    0.000    0.000    0.000 selectable.py:392(alias)
        2    0.000    0.000    0.000    0.000 selectable.py:406(is_derived_from)
        4    0.000    0.000    0.004    0.001 selectable.py:450(corresponding_column)
     2002    0.004    0.000    0.017    0.000 selectable.py:532(_reset_exported)
3005/2002    0.019    0.000    1.253    0.001 selectable.py:537(columns)
     2003    0.023    0.000    0.081    0.000 selectable.py:577(_init_collections)
        1    0.000    0.000    0.000    0.000 selectable.py:67(_offset_or_limit_clause)
        1    0.000    0.000    0.007    0.007 session.py:1031(close)
        1    0.000    0.000    0.007    0.007 session.py:1076(_close_impl)
        1    0.004    0.004    0.007    0.007 session.py:1082(expunge_all)
    15894    0.079    0.000    0.127    0.000 session.py:1142(get_bind)
     6003    0.041    0.000    1.498    0.000 session.py:1245(query)
     5004    0.006    0.000    0.006    0.000 session.py:1279(_autoflush)
      989    0.098    0.000    0.394    0.000 session.py:1491(_register_newly_persistent)
     6483    0.012    0.000    0.026    0.000 session.py:1533(<genexpr>)
      989    0.017    0.000    0.028    0.000 session.py:1542(_register_altered)
     5487    0.024    0.000    0.347    0.000 session.py:1559(add)
     5487    0.047    0.000    0.323    0.000 session.py:1588(_save_or_update_state)
      992    0.009    0.000    0.021    0.000 session.py:169(__init__)
     5487    0.036    0.000    0.102    0.000 session.py:1806(_save_impl)
     5487    0.010    0.000    0.112    0.000 session.py:1842(_save_or_update_impl)
    40643    0.060    0.000    0.060    0.000 session.py:190(_assert_active)
     5487    0.024    0.000    0.031    0.000 session.py:1914(_before_attach)
     5487    0.026    0.000    0.032    0.000 session.py:1935(_attach)
     5494    0.005    0.000    0.005    0.000 session.py:1967(_contains_state)
      992    0.031    0.000    8.998    0.009 session.py:1970(flush)
      994    0.004    0.000    0.007    0.000 session.py:2016(_is_clean)
      989    0.099    0.000    8.955    0.009 session.py:2021(_flush)
      993    0.001    0.000    0.001    0.000 session.py:225(_is_transaction_boundary)
    10890    0.075    0.000    0.269    0.000 session.py:229(connection)
      989    0.007    0.000    0.030    0.000 session.py:234(_begin)
        1    0.000    0.000    0.000    0.000 session.py:239(_iterate_parents)
      989    0.002    0.000    0.003    0.000 session.py:2506(_dirty_states)
      992    0.008    0.000    0.009    0.000 session.py:256(_take_snapshot)
        1    0.000    0.000    0.001    0.001 session.py:2646(__call__)
        1    0.013    0.013    0.110    0.110 session.py:297(_remove_snapshot)
26784/15894    0.080    0.000    0.115    0.000 session.py:312(_connection_for_bind)
  990/989    0.004    0.000    0.010    0.000 session.py:358(_prepare_impl)
  990/989    0.006    0.000    0.146    0.000 session.py:389(commit)
      991    0.006    0.000    0.009    0.000 session.py:456(close)
        1    0.000    0.000    0.001    0.001 session.py:512(__init__)
      992    0.005    0.000    0.036    0.000 session.py:694(begin)
        1    0.000    0.000    0.125    0.125 session.py:756(commit)
     5004    0.033    0.000    0.119    0.000 session.py:811(connection)
     5004    0.016    0.000    0.048    0.000 session.py:884(_connection_for_bind)
        1    0.000    0.000    0.000    0.000 sqltypes.py:1287(__init__)
        1    0.000    0.000    0.000    0.000 sqltypes.py:1339(result_processor)
       12    0.000    0.000    0.000    0.000 sqltypes.py:175(bind_processor)
    11953    0.032    0.000    0.054    0.000 sqltypes.py:194(process)
       23    0.000    0.000    0.000    0.000 sqltypes.py:207(result_processor)
        2    0.000    0.000    0.000    0.000 sqltypes.py:711(__init__)
       29    0.000    0.000    0.000    0.000 sqltypes.py:92(__init__)
     3790    0.002    0.000    0.002    0.000 state.py:244(_detach)
     8289    0.020    0.000    0.029    0.000 state.py:251(_cleanup)
    31246    0.103    0.000    0.103    0.000 state.py:277(dict)
     5487    0.060    0.000    0.572    0.000 state.py:296(_initialize_instance)
     3790    0.059    0.000    0.085    0.000 state.py:412(_expire)
     5487    0.002    0.000    0.002    0.000 state.py:521(_instance_dict)
    18747    0.065    0.000    0.068    0.000 state.py:524(_modified_event)
      989    0.044    0.000    0.093    0.000 state.py:611(_commit_all_states)
     8289    0.055    0.000    0.055    0.000 state.py:75(__init__)
       72    0.001    0.000    0.004    0.000 strategies.py:136(__init__)
    23032    0.077    0.000    0.092    0.000 strategies.py:141(setup_query)
       72    0.001    0.000    0.009    0.000 strategies.py:155(init_class_attribute)
       72    0.002    0.000    0.008    0.000 strategies.py:30(_register_attribute)
        8    0.000    0.000    0.000    0.000 threading.py:120(acquire)
        8    0.000    0.000    0.000    0.000 threading.py:140(release)
        2    0.000    0.000    0.000    0.000 threading.py:176(_is_owned)
        2    0.000    0.000    0.000    0.000 threading.py:276(notify)
       18    0.000    0.000    0.000    0.000 threading.py:62(_note)
        3    0.000    0.000    0.000    0.000 threading.py:685(name)
        3    0.000    0.000    0.000    0.000 threading.py:829(currentThread)
     1000    0.017    0.000    0.020    0.000 times.py:44(DateTime_or_None)
      307    0.000    0.000    0.000    0.000 tokens.py:3(__init__)
        1    0.000    0.000    0.000    0.000 tokens.py:33(__init__)
      174    0.000    0.000    0.000    0.000 tokens.py:98(__init__)
     2981    0.045    0.000    0.063    0.000 topological.py:16(sort_as_subsets)
    11893    0.028    0.000    0.090    0.000 topological.py:43(sort)
      989    0.041    0.000    0.057    0.000 topological.py:55(find_cycles)
    18061    0.027    0.000    0.034    0.000 type_api.py:1137(to_instance)
       49    0.001    0.000    0.001    0.000 type_api.py:1147(adapt_type)
       16    0.000    0.000    0.000    0.000 type_api.py:174(bind_processor)
       12    0.000    0.000    0.000    0.000 type_api.py:188(result_processor)
       29    0.000    0.000    0.000    0.000 type_api.py:226(_has_column_expression)
       28    0.000    0.000    0.000    0.000 type_api.py:264(_has_bind_expression)
        7    0.000    0.000    0.000    0.000 type_api.py:276(compare_values)
       11    0.000    0.000    0.000    0.000 type_api.py:339(_type_affinity)
     7042    0.041    0.000    0.083    0.000 type_api.py:372(_cached_bind_processor)
    26426    0.092    0.000    0.179    0.000 type_api.py:382(_cached_result_processor)
       64    0.001    0.000    0.004    0.000 type_api.py:395(_dialect_info)
       49    0.000    0.000    0.001    0.000 type_api.py:411(_gen_dialect_impl)
       49    0.000    0.000    0.003    0.000 type_api.py:414(adapt)
     7002    0.026    0.000    0.031    0.000 type_api.py:424(coerce_compared_value)
     1008    0.002    0.000    0.002    0.000 type_api.py:53(__init__)
     7028    0.070    0.000    0.903    0.000 type_api.py:57(operate)
      989    0.014    0.000    0.014    0.000 unitofwork.py:109(__init__)
      989    0.002    0.000    0.002    0.000 unitofwork.py:154(has_work)
     5494    0.045    0.000    0.202    0.000 unitofwork.py:228(register_object)
     5445    0.065    0.000    0.150    0.000 unitofwork.py:257(_per_mapper_flush_actions)
    16384    0.099    0.000    0.182    0.000 unitofwork.py:293(states_for_mapper_hierarchy)
      989    0.030    0.000    0.092    0.000 unitofwork.py:300(_generate_actions)
      989    0.046    0.000    8.119    0.008 unitofwork.py:351(execute)
      989    0.016    0.000    0.418    0.000 unitofwork.py:375(finalize_flush_changes)
      989    0.002    0.000    0.002    0.000 unitofwork.py:388(<genexpr>)
    10890    0.031    0.000    0.037    0.000 unitofwork.py:454(__new__)
     5445    0.006    0.000    0.006    0.000 unitofwork.py:524(__init__)
     5445    0.066    0.000    7.338    0.001 unitofwork.py:528(execute)
     5445    0.006    0.000    0.006    0.000 unitofwork.py:553(__init__)
     5445    0.026    0.000    0.553    0.000 unitofwork.py:557(execute)
        1    0.000    0.000    0.000    0.000 util.py:464(__init__)
        4    0.000    0.000    0.004    0.001 util.py:476(_corresponding_column)
        5    0.000    0.000    0.004    0.001 util.py:492(replace)
        1    0.000    0.000    0.000    0.000 util.py:537(__init__)
     1001    0.089    0.000    0.464    0.000 visitors.py:210(iterate)
        1    0.000    0.000    0.005    0.005 visitors.py:304(replacement_traverse)
      5/1    0.000    0.000    0.005    0.005 visitors.py:311(clone)
59093/5017    0.381    0.000    4.550    0.001 visitors.py:75(_compiler_dispatch)
19050/5043    0.173    0.000    1.381    0.000 visitors.py:86(_compiler_dispatch)
      161    0.000    0.000    0.000    0.000 warnings.py:318(__init__)
      161    0.000    0.000    0.000    0.000 warnings.py:339(__enter__)
      161    0.000    0.000    0.000    0.000 warnings.py:355(__exit__)
        1    0.000    0.000    0.000    0.000 weakref.py:223(__new__)
        1    0.000    0.000    0.000    0.000 weakref.py:228(__init__)
       12    0.000    0.000    0.000    0.000 weakref.py:243(__init__)
     4500    0.005    0.000    0.005    0.000 weakref.py:245(remove)
    44634    0.151    0.000    0.151    0.000 weakref.py:255(__getitem__)
     5566    0.011    0.000    0.011    0.000 weakref.py:261(__setitem__)
      182    0.000    0.000    0.000    0.000 weakref.py:293(__contains__)
       13    0.000    0.000    0.000    0.000 weakref.py:326(iterkeys)
        2    0.000    0.000    0.000    0.000 weakref.py:332(__iter__)
        1    0.000    0.000    0.000    0.000 weakref.py:79(__setitem__)
       12    0.000    0.000    0.000    0.000 {_codecs.lookup}
        3    0.000    0.000    0.000    0.000 {_codecs.utf_8_decode}
     4997    0.010    0.000    0.010    0.000 {_codecs.utf_8_encode}
    10456    0.008    0.000    0.008    0.000 {_weakref.proxy}
        1    0.000    0.000    0.000    0.000 {any}
    71079    0.092    0.000    0.092    0.000 {built-in method __new__ of type object at 0x8b7e00}
     5004    0.020    0.000    0.020    0.000 {built-in method describe}
     5004    0.039    0.000    0.059    0.000 {built-in method fetch_row}
     5004    0.004    0.000    0.004    0.000 {built-in method field_flags}
      726    0.000    0.000    0.000    0.000 {cStringIO.StringIO}
    16060    0.007    0.000    0.007    0.000 {callable}
603100/601099    1.414    0.000    2.937    0.000 {getattr}
52682/52538    0.128    0.000    0.138    0.000 {hasattr}
     1100    0.001    0.000    0.001    0.000 {hash}
    13888    0.004    0.000    0.004    0.000 {id}
431284/431283    0.512    0.000    0.643    0.000 {isinstance}
  966/960    0.001    0.000    0.001    0.000 {issubclass}
    21991    0.011    0.000    0.011    0.000 {iter}
  3224240    0.858    0.000    0.858    0.000 {len}
        4    0.000    0.000    0.000    0.000 {method '__subclasses__' of 'type' objects}
        5    0.000    0.000    0.000    0.000 {method '__subclasshook__' of 'object' objects}
     5029    0.009    0.000    0.009    0.000 {method 'acquire' of 'thread.lock' objects}
   115687    0.051    0.000    0.052    0.000 {method 'add' of 'set' objects}
    10456    0.011    0.000    0.011    0.000 {method 'affected_rows' of '_mysql.connection' objects}
    33010    0.005    0.000    0.005    0.000 {method 'append' of 'collections.deque' objects}
 19639299    6.032    0.000    6.032    0.000 {method 'append' of 'list' objects}
     5495    0.004    0.000    0.004    0.000 {method 'clear' of 'dict' objects}
        1    0.002    0.002    0.002    0.002 {method 'close' of 'file' objects}
        1    0.009    0.009    0.009    0.009 {method 'commit' of '_mysql.connection' objects}
    33696    0.059    0.000    0.059    0.000 {method 'copy' of 'dict' objects}
    10974    0.007    0.000    0.007    0.000 {method 'difference' of 'frozenset' objects}
    10398    0.015    0.000    0.015    0.000 {method 'difference' of 'set' objects}
    18362    0.019    0.000    0.019    0.000 {method 'difference_update' of 'set' objects}
        1    0.000    0.000    0.000    0.000 {method 'disable' of '_lsprof.Profiler' objects}
     5629    0.002    0.000    0.002    0.000 {method 'discard' of 'set' objects}
       14    0.000    0.000    0.000    0.000 {method 'encode' of 'str' objects}
    10613    0.081    0.000    0.081    0.000 {method 'encode' of 'unicode' objects}
       42    0.000    0.000    0.000    0.000 {method 'end' of '_sre.SRE_Match' objects}
       91    0.000    0.000    0.000    0.000 {method 'endswith' of 'str' objects}
    25757    0.086    0.000    0.174    0.000 {method 'escape' of '_mysql.connection' objects}
       19    0.000    0.000    0.000    0.000 {method 'extend' of 'collections.deque' objects}
      285    0.000    0.000    0.000    0.000 {method 'extend' of 'list' objects}
        7    0.000    0.000    0.000    0.000 {method 'find' of 'str' objects}
        5    0.000    0.000    0.000    0.000 {method 'flush' of 'file' objects}
    89095    0.050    0.000    0.050    0.000 {method 'get' of 'dict' objects}
     6284    0.019    0.000    0.019    0.000 {method 'get' of 'dictproxy' objects}
      726    0.000    0.000    0.000    0.000 {method 'getvalue' of 'cStringIO.StringO' objects}
       42    0.000    0.000    0.000    0.000 {method 'group' of '_sre.SRE_Match' objects}
    10456    0.004    0.000    0.004    0.000 {method 'info' of '_mysql.connection' objects}
      127    0.000    0.000    0.000    0.000 {method 'insert' of 'list' objects}
    10456    0.015    0.000    0.015    0.000 {method 'insert_id' of '_mysql.connection' objects}
    13074    0.022    0.000    0.022    0.000 {method 'intersection' of 'frozenset' objects}
    44576    0.041    0.000    0.041    0.000 {method 'intersection' of 'set' objects}
     6965    0.001    0.000    0.001    0.000 {method 'isalpha' of 'str' objects}
    16342    0.006    0.000    0.006    0.000 {method 'isdisjoint' of 'set' objects}
     5487    0.008    0.000    0.008    0.000 {method 'issubset' of 'frozenset' objects}
     8296    0.014    0.000    0.014    0.000 {method 'issuperset' of 'frozenset' objects}
     6181    0.007    0.000    0.007    0.000 {method 'items' of 'dict' objects}
        2    0.000    0.000    0.000    0.000 {method 'iterkeys' of 'dict' objects}
    13271    0.046    0.000    0.564    0.000 {method 'join' of 'str' objects}
      174    0.000    0.000    0.000    0.000 {method 'join' of 'unicode' objects}
    13328    0.009    0.000    0.009    0.000 {method 'keys' of 'dict' objects}
  2511101    1.339    0.000    1.339    0.000 {method 'lower' of 'str' objects}
     3039    0.003    0.000    0.003    0.000 {method 'lower' of 'unicode' objects}
      145    0.001    0.000    0.001    0.000 {method 'match' of '_sre.SRE_Pattern' objects}
    10456    0.028    0.000    0.028    0.000 {method 'next_result' of '_mysql.connection' objects}
     5487    0.001    0.000    0.001    0.000 {method 'pop' of 'collections.deque' objects}
   161206    0.041    0.000    0.041    0.000 {method 'pop' of 'dict' objects}
    22311    0.031    0.000    0.031    0.000 {method 'pop' of 'list' objects}
    36753    0.007    0.000    0.007    0.000 {method 'popleft' of 'collections.deque' objects}
    10456    3.687    0.000    3.687    0.000 {method 'query' of '_mysql.connection' objects}
        4    0.000    0.000    0.000    0.000 {method 'read' of 'file' objects}
     5029    0.003    0.000    0.003    0.000 {method 'release' of 'thread.lock' objects}
        5    0.000    0.000    0.000    0.000 {method 'remove' of 'set' objects}
     1018    0.003    0.000    0.003    0.000 {method 'replace' of 'str' objects}
       76    0.000    0.000    0.000    0.000 {method 'replace' of 'unicode' objects}
        9    0.000    0.000    0.000    0.000 {method 'rfind' of 'str' objects}
        1    0.000    0.000    0.000    0.000 {method 'rollback' of '_mysql.connection' objects}
       45    0.001    0.000    0.001    0.000 {method 'search' of '_sre.SRE_Pattern' objects}
        2    0.000    0.000    0.000    0.000 {method 'seek' of 'file' objects}
       11    0.000    0.000    0.000    0.000 {method 'setdefault' of 'dict' objects}
     3112    0.003    0.000    0.003    0.000 {method 'split' of 'str' objects}
     8005    0.030    0.000    0.030    0.000 {method 'split' of 'unicode' objects}
       42    0.000    0.000    0.000    0.000 {method 'start' of '_sre.SRE_Match' objects}
  2535239    2.236    0.000    2.236    0.000 {method 'startswith' of 'str' objects}
    10456    0.119    0.000    0.119    0.000 {method 'store_result' of '_mysql.connection' objects}
    11801    0.031    0.000    0.031    0.000 {method 'string_literal' of '_mysql.connection' objects}
        2    0.000    0.000    0.000    0.000 {method 'tell' of 'file' objects}
     7001    0.005    0.000    0.005    0.000 {method 'union' of 'set' objects}
    38141    0.073    0.000    0.077    0.000 {method 'update' of 'dict' objects}
    37910    0.020    0.000    0.020    0.000 {method 'update' of 'set' objects}
    14987    0.012    0.000    0.012    0.000 {method 'values' of 'dict' objects}
    10456    0.005    0.000    0.005    0.000 {method 'warning_count' of '_mysql.connection' objects}
     6965    0.003    0.000    0.003    0.000 {method 'write' of 'cStringIO.StringO' objects}
      327    0.003    0.000    0.003    0.000 {method 'write' of 'file' objects}
331579027  143.997    0.000  143.997    0.000 {min}
     5005    0.005    0.000    0.005    0.000 {next}
        1    0.000    0.000    0.000    0.000 {open}
21032/7028    0.052    0.000    1.154    0.000 {operator.eq}
        3    0.000    0.000    0.000    0.000 {posix.getpid}
 22539746   23.955    0.000   23.955    0.000 {range}
      592    0.000    0.000    0.000    0.000 {repr}
29892/29870    0.052    0.000    0.384    0.000 {setattr}
    27393    0.149    0.000    0.149    0.000 {sorted}
    10456    0.057    0.000    0.057    0.000 {sqlalchemy.cutils._distill_params}
        3    0.000    0.000    0.000    0.000 {sys._getframe}
        7    0.000    0.000    0.000    0.000 {thread.allocate_lock}
       24    0.000    0.000    0.000    0.000 {thread.get_ident}
     1000    0.092    0.000    0.092    0.000 {time.strftime}
        3    0.000    0.000    0.000    0.000 {time.time}
    10449    0.029    0.000    0.033    0.000 {zip}

